0 info it worked if it ends with ok
1 verbose cli [ '/usr/bin/node',
1 verbose cli   '/usr/bin/npm',
1 verbose cli   'view',
1 verbose cli   '--json',
1 verbose cli   'oas3',
1 verbose cli   'description',
1 verbose cli   'dist-tags.latest',
1 verbose cli   'homepage' ]
2 info using npm@3.5.2
3 info using node@v8.10.0
4 silly mapToRegistry name oas3
5 silly mapToRegistry using default registry
6 silly mapToRegistry registry https://registry.npmjs.org/
7 silly mapToRegistry uri https://registry.npmjs.org/oas3
8 verbose request uri https://registry.npmjs.org/oas3
9 verbose request no auth needed
10 info attempt registry request try #1 at 2:12:07 AM
11 verbose request id 855240f21f06e7bc
12 http request GET https://registry.npmjs.org/oas3
13 http 404 https://registry.npmjs.org/oas3
14 verbose headers { date: 'Mon, 29 Jun 2020 08:12:08 GMT',
14 verbose headers   'content-type': 'application/json',
14 verbose headers   'content-length': '21',
14 verbose headers   connection: 'keep-alive',
14 verbose headers   'set-cookie':
14 verbose headers    [ '__cfduid=d4579462ff366e178f11a9a7e50abcd361593418328; expires=Wed, 29-Jul-20 08:12:08 GMT; path=/; domain=.npmjs.org; HttpOnly; SameSite=Lax' ],
14 verbose headers   'cf-ray': '5aae2e4a8aefe97c-MIA',
14 verbose headers   age: '36',
14 verbose headers   vary: 'Accept-Encoding',
14 verbose headers   'cf-cache-status': 'HIT',
14 verbose headers   'cf-request-id': '03a0bb42930000e97c7e961200000001',
14 verbose headers   'expect-ct': 'max-age=604800, report-uri="https://report-uri.cloudflare.com/cdn-cgi/beacon/expect-ct"',
14 verbose headers   server: 'cloudflare' }
15 silly get cb [ 404,
15 silly get   { date: 'Mon, 29 Jun 2020 08:12:08 GMT',
15 silly get     'content-type': 'application/json',
15 silly get     'content-length': '21',
15 silly get     connection: 'keep-alive',
15 silly get     'set-cookie':
15 silly get      [ '__cfduid=d4579462ff366e178f11a9a7e50abcd361593418328; expires=Wed, 29-Jul-20 08:12:08 GMT; path=/; domain=.npmjs.org; HttpOnly; SameSite=Lax' ],
15 silly get     'cf-ray': '5aae2e4a8aefe97c-MIA',
15 silly get     age: '36',
15 silly get     vary: 'Accept-Encoding',
15 silly get     'cf-cache-status': 'HIT',
15 silly get     'cf-request-id': '03a0bb42930000e97c7e961200000001',
15 silly get     'expect-ct': 'max-age=604800, report-uri="https://report-uri.cloudflare.com/cdn-cgi/beacon/expect-ct"',
15 silly get     server: 'cloudflare' } ]
16 verbose stack Error: Not found : oas3
16 verbose stack     at makeError (/usr/share/npm/node_modules/npm-registry-client/lib/request.js:264:12)
16 verbose stack     at CachingRegistryClient.<anonymous> (/usr/share/npm/node_modules/npm-registry-client/lib/request.js:252:14)
16 verbose stack     at Request._callback (/usr/share/npm/node_modules/npm-registry-client/lib/request.js:172:14)
16 verbose stack     at Request.self.callback (/usr/share/npm/node_modules/request/request.js:198:22)
16 verbose stack     at emitTwo (events.js:126:13)
16 verbose stack     at Request.emit (events.js:214:7)
16 verbose stack     at Request.<anonymous> (/usr/share/npm/node_modules/request/request.js:1082:10)
16 verbose stack     at emitOne (events.js:121:20)
16 verbose stack     at Request.emit (events.js:211:7)
16 verbose stack     at IncomingMessage.<anonymous> (/usr/share/npm/node_modules/request/request.js:1009:12)
17 verbose statusCode 404
18 verbose pkgid oas3
19 verbose cwd /home/mynor/real/virtualizacion-cognito
20 error Linux 5.3.0-51-generic
21 error argv "/usr/bin/node" "/usr/bin/npm" "view" "--json" "oas3" "description" "dist-tags.latest" "homepage"
22 error node v8.10.0
23 error npm  v3.5.2
24 error code E404
25 error 404 Not found : oas3
26 error 404
27 error 404 'oas3' is not in the npm registry.
28 error 404 You should bug the author to publish it (or use the name yourself!)
29 error 404 Note that you can also install from a
30 error 404 tarball, folder, http url, or git url.
31 verbose exit [ 1, true ]
